<?xml version="1.0" encoding="UTF-8"?>
<testsuite name="Verificar el optimo funcionamiento del modulo Ventas de OpenCart" tests="1" skipped="0" failures="0" errors="0" timestamp="2022-05-04T20:46:46" hostname="DESKTOP-RSDLPR2" time="15.773">
  <properties/>
  <testcase name="Verificar la opcion de agregar vale de regalo no exitoso" classname="Verificar el optimo funcionamiento del modulo Ventas de OpenCart" time="15.773"/>
  <system-out><![CDATA[]]></system-out>
  <system-err><![CDATA[may 04, 2022 3:46:46 PM org.openqa.selenium.remote.DesiredCapabilities chrome
INFORMACIÓN: Using `new ChromeOptions()` is preferred to `DesiredCapabilities.chrome()`
Starting ChromeDriver 100.0.4896.60 (6a5d10861ce8de5fce22564658033b43cb7de047-refs/branch-heads/4896@{#875}) on port 13512
Only local connections are allowed.
Please see https://chromedriver.chromium.org/security-considerations for suggestions on keeping ChromeDriver safe.
ChromeDriver was started successfully.
may 04, 2022 3:46:48 PM org.openqa.selenium.remote.ProtocolHandshake createSession
INFORMACIÓN: Detected dialect: W3C
[Test worker] INFO net.serenitybdd.core.Serenity - 
        __    _____ _____ ____ _____   ____   _    ____  ____  _____ ____  
  _     \ \  |_   _| ____/ ___|_   _| |  _ \ / \  / ___|/ ___|| ____|  _ \ 
 (_)_____| |   | | |  _| \___ \ | |   | |_) / _ \ \___ \\___ \|  _| | | | |
  _|_____| |   | | | |___ ___) || |   |  __/ ___ \ ___) |___) | |___| |_| |
 (_)     | |   |_| |_____|____/ |_|   |_| /_/   \_\____/|____/|_____|____/ 
        /_/                                                                

TEST PASSED: Verificar la opcion de agregar vale de regalo no exitoso
----------------------------------------------------------------------------
]]></system-err>
</testsuite>
